#0 building with "default" instance using docker driver

#1 [internal] load .dockerignore
#1 transferring context: 2B done
#1 DONE 0.0s

#2 [internal] load build definition from Dockerfile
#2 transferring dockerfile: 324B done
#2 DONE 0.0s

#3 [internal] load metadata for docker.io/oven/bun:latest
#3 DONE 0.2s

#4 [ 1/11] FROM docker.io/oven/bun:latest@sha256:1e7e5dd2a5403b91714d0fc1b229da085f460a632f0c79037cbb0b60238c6434
#4 DONE 0.0s

#5 [internal] load build context
#5 transferring context: 1.38kB done
#5 DONE 0.0s

#6 [ 2/11] COPY bun.lockb .
#6 CACHED

#7 [ 3/11] COPY bunfig.toml .
#7 CACHED

#8 [10/11] COPY src/ .
#8 CACHED

#9 [ 6/11] COPY next.config.js .
#9 CACHED

#10 [ 5/11] COPY next-env.d.ts .
#10 CACHED

#11 [ 9/11] COPY public/ .
#11 CACHED

#12 [ 7/11] COPY package.json .
#12 CACHED

#13 [ 4/11] COPY happydom.ts .
#13 CACHED

#14 [ 8/11] COPY tsconfig.json .
#14 CACHED

#15 [11/11] RUN bun install --production
#15 CACHED

#16 exporting to image
#16 exporting layers done
#16 writing image sha256:610c542fac82654532562be6b2432434c19fc3b6e467c957bff442c273c0937d done
#16 naming to docker.io/library/onetruejon:latest 0.0s done
#16 DONE 0.0s
